Using pre-set license
Built from '2020.3/staging' branch; Version is '2020.3.0f1 (c7b5465681fb) revision 13088070'; Using compiler version '192528614'; Build Type 'Release'
OS: 'Windows 10 Home; OS build 16299.15; Version 1709; 64bit' Language: 'es' Physical Memory: 14237 MB
BatchMode: 1, IsHumanControllingUs: 0, StartBugReporterOnCrash: 0, Is64bit: 1, IsPro: 0

 COMMAND LINE ARGUMENTS:
C:\Program Files\Unity\Editor\2020.3.0f1\Editor\Unity.exe
-adb2
-batchMode
-noUpm
-name
AssetImportWorker1
-projectPath
C:/Users/ASUS/Downloads/GPSUnity-master
-logFile
Logs/AssetImportWorker1.log
-srvPort
59791
Successfully changed project path to: C:/Users/ASUS/Downloads/GPSUnity-master
C:/Users/ASUS/Downloads/GPSUnity-master
Using Asset Import Pipeline V2.
Refreshing native plugins compatible for Editor in 72.82 ms, found 0 plugins.
Preloading 0 native plugins for Editor in 0.00 ms.
Initialize engine version: 2020.3.0f1 (c7b5465681fb)
[Subsystems] Discovering subsystems at path C:/Program Files/Unity/Editor/2020.3.0f1/Editor/Data/Resources/UnitySubsystems
[Subsystems] Discovering subsystems at path C:/Users/ASUS/Downloads/GPSUnity-master/Assets
GfxDevice: creating device client; threaded=0
Direct3D:
    Version:  Direct3D 11.0 [level 11.1]
    Renderer: NVIDIA GeForce GTX 1050 (ID=0x1c8d)
    Vendor:   
    VRAM:     4021 MB
    Driver:   26.21.14.4575
Initialize mono
Mono path[0] = 'C:/Program Files/Unity/Editor/2020.3.0f1/Editor/Data/Managed'
Mono path[1] = 'C:/Program Files/Unity/Editor/2020.3.0f1/Editor/Data/MonoBleedingEdge/lib/mono/unityjit'
Mono config path = 'C:/Program Files/Unity/Editor/2020.3.0f1/Editor/Data/MonoBleedingEdge/etc'
Using monoOptions --debugger-agent=transport=dt_socket,embedding=1,server=y,suspend=n,address=127.0.0.1:56144
Begin MonoManager ReloadAssembly
Registering precompiled unity dll's ...
Register platform support module: C:/Program Files/Unity/Editor/2020.3.0f1/Editor/Data/PlaybackEngines/WindowsStandaloneSupport/UnityEditor.WindowsStandalone.Extensions.dll
Registered in 0.006438 seconds.
Native extension for WindowsStandalone target not found
Refreshing native plugins compatible for Editor in 73.83 ms, found 0 plugins.
Preloading 0 native plugins for Editor in 0.00 ms.
Invoked RoslynAnalysisRunner static constructor.
RoslynAnalysisRunner will not be running.
RoslynAnalysisRunner has terminated.
Mono: successfully reloaded assembly
- Completed reload, in  3.975 seconds
Platform modules already initialized, skipping
Registering precompiled user dll's ...
Registered in 0.002308 seconds.
Begin MonoManager ReloadAssembly
Native extension for WindowsStandalone target not found
Refreshing native plugins compatible for Editor in 0.53 ms, found 0 plugins.
Preloading 0 native plugins for Editor in 0.00 ms.
Invoked RoslynAnalysisRunner static constructor.
RoslynAnalysisRunner will not be running.
RoslynAnalysisRunner has terminated.
Mono: successfully reloaded assembly
- Completed reload, in  2.829 seconds
Platform modules already initialized, skipping
========================================================================
Worker process is ready to serve import requests
Launched and connected shader compiler UnityShaderCompiler.exe after 0.16 seconds
Refreshing native plugins compatible for Editor in 0.69 ms, found 0 plugins.
Preloading 0 native plugins for Editor in 0.00 ms.
Unloading 1437 Unused Serialized files (Serialized files now loaded: 0)
System memory in use before: 66.5 MB.
System memory in use after: 66.6 MB.

Unloading 10 unused Assets to reduce memory usage. Loaded Objects now: 1881.
Total: 5.313638 ms (FindLiveObjects: 0.470427 ms CreateObjectMapping: 0.152068 ms MarkObjects: 4.525946 ms  DeleteObjects: 0.161914 ms)

========================================================================
Received Import Request.
  path: Assets/GPSLocation.cs
  artifactKey: Guid(57aa91f8f0b16934192fc8ba7e3fa321) Importer(815301076,1909f56bfc062723c751e8b465ee728b)
Start importing Assets/GPSLocation.cs using Guid(57aa91f8f0b16934192fc8ba7e3fa321) Importer(815301076,1909f56bfc062723c751e8b465ee728b)  -> (artifact id: '974b510653c3eb148dc519d3fec73f14') in 0.090789 seconds
  Import took 0.097565 seconds .

========================================================================
Received Prepare
Registering precompiled user dll's ...
Registered in 0.001822 seconds.
Begin MonoManager ReloadAssembly
Native extension for WindowsStandalone target not found
Refreshing native plugins compatible for Editor in 0.56 ms, found 0 plugins.
Preloading 0 native plugins for Editor in 0.00 ms.
Invoked RoslynAnalysisRunner static constructor.
RoslynAnalysisRunner will not be running.
RoslynAnalysisRunner has terminated.
Mono: successfully reloaded assembly
- Completed reload, in  2.138 seconds
Platform modules already initialized, skipping
Switching build target platform(5) subTarget(0) extendedPlatform(0) -> platform(13) subTarget(524288) extendedPlatform(0)
Refreshing native plugins compatible for Editor in 0.75 ms, found 0 plugins.
Preloading 0 native plugins for Editor in 0.00 ms.
Unloading 1429 Unused Serialized files (Serialized files now loaded: 0)
System memory in use before: 66.0 MB.
System memory in use after: 66.1 MB.

Unloading 5 unused Assets to reduce memory usage. Loaded Objects now: 1885.
Total: 5.548852 ms (FindLiveObjects: 0.320182 ms CreateObjectMapping: 0.097732 ms MarkObjects: 5.027006 ms  DeleteObjects: 0.099556 ms)

AssetImportParameters requested are different than current active one (requested -> active):
  custom:graphics/normal-map-encoding: 01000000000000000000000000000000 -> 02000000000000000000000000000000
========================================================================
Received Import Request.
  Time since last request: 639.796932 seconds.
  path: Assets/GPSLocation.cs
  artifactKey: Guid(57aa91f8f0b16934192fc8ba7e3fa321) Importer(815301076,1909f56bfc062723c751e8b465ee728b)
Start importing Assets/GPSLocation.cs using Guid(57aa91f8f0b16934192fc8ba7e3fa321) Importer(815301076,1909f56bfc062723c751e8b465ee728b)  -> (artifact id: '79307820e7ec94b16ceee37c7cd34425') in 0.018230 seconds
  Import took 0.024825 seconds .

========================================================================
Received Prepare
Registering precompiled user dll's ...
Registered in 0.001527 seconds.
Begin MonoManager ReloadAssembly
Native extension for WindowsStandalone target not found
Refreshing native plugins compatible for Editor in 0.38 ms, found 0 plugins.
Preloading 0 native plugins for Editor in 0.00 ms.
Invoked RoslynAnalysisRunner static constructor.
RoslynAnalysisRunner will not be running.
RoslynAnalysisRunner has terminated.
Mono: successfully reloaded assembly
- Completed reload, in  1.539 seconds
Platform modules already initialized, skipping
Switching build target platform(5) subTarget(0) extendedPlatform(0) -> platform(13) subTarget(524288) extendedPlatform(0)
Refreshing native plugins compatible for Editor in 0.41 ms, found 0 plugins.
Preloading 0 native plugins for Editor in 0.00 ms.
Unloading 1429 Unused Serialized files (Serialized files now loaded: 0)
System memory in use before: 66.0 MB.
System memory in use after: 66.2 MB.

Unloading 5 unused Assets to reduce memory usage. Loaded Objects now: 1889.
Total: 2.770414 ms (FindLiveObjects: 0.217709 ms CreateObjectMapping: 0.067100 ms MarkObjects: 2.463360 ms  DeleteObjects: 0.020057 ms)

AssetImportParameters requested are different than current active one (requested -> active):
  custom:graphics/normal-map-encoding: 01000000000000000000000000000000 -> 02000000000000000000000000000000
========================================================================
Received Import Request.
  Time since last request: 33.325277 seconds.
  path: Assets/GPSLocation.cs
  artifactKey: Guid(57aa91f8f0b16934192fc8ba7e3fa321) Importer(815301076,1909f56bfc062723c751e8b465ee728b)
Start importing Assets/GPSLocation.cs using Guid(57aa91f8f0b16934192fc8ba7e3fa321) Importer(815301076,1909f56bfc062723c751e8b465ee728b)  -> (artifact id: '61451060cb4ad8b44f115dfb64cb2d61') in 0.008473 seconds
  Import took 0.012110 seconds .

========================================================================
Received Prepare
Refreshing native plugins compatible for Editor in 2.04 ms, found 0 plugins.
Preloading 0 native plugins for Editor in 0.00 ms.
Unloading 2 Unused Serialized files (Serialized files now loaded: 0)
System memory in use before: 37.6 MB.
System memory in use after: 37.7 MB.

Unloading 2 unused Assets to reduce memory usage. Loaded Objects now: 1889.
Total: 3.395827 ms (FindLiveObjects: 0.241778 ms CreateObjectMapping: 0.093721 ms MarkObjects: 3.040272 ms  DeleteObjects: 0.018234 ms)

========================================================================
Received Import Request.
  Time since last request: 195.005727 seconds.
  path: Assets/Scenes
  artifactKey: Guid(28756dec689c41b49aaadade877063fb) Importer(815301076,1909f56bfc062723c751e8b465ee728b)
Start importing Assets/Scenes using Guid(28756dec689c41b49aaadade877063fb) Importer(815301076,1909f56bfc062723c751e8b465ee728b)  -> (artifact id: 'f158adeeedc700555e570438c8b3a3ec') in 0.022297 seconds
  Import took 0.034249 seconds .

========================================================================
Received Prepare
Registering precompiled user dll's ...
Registered in 0.001558 seconds.
Begin MonoManager ReloadAssembly
Native extension for WindowsStandalone target not found
Refreshing native plugins compatible for Editor in 0.40 ms, found 0 plugins.
Preloading 0 native plugins for Editor in 0.00 ms.
Invoked RoslynAnalysisRunner static constructor.
RoslynAnalysisRunner will not be running.
RoslynAnalysisRunner has terminated.
Mono: successfully reloaded assembly
- Completed reload, in  1.555 seconds
Platform modules already initialized, skipping
Switching build target platform(5) subTarget(0) extendedPlatform(0) -> platform(13) subTarget(524288) extendedPlatform(0)
Refreshing native plugins compatible for Editor in 0.59 ms, found 0 plugins.
Preloading 0 native plugins for Editor in 0.00 ms.
Unloading 1429 Unused Serialized files (Serialized files now loaded: 0)
System memory in use before: 66.1 MB.
System memory in use after: 66.2 MB.

Unloading 5 unused Assets to reduce memory usage. Loaded Objects now: 1893.
Total: 4.756419 ms (FindLiveObjects: 0.426666 ms CreateObjectMapping: 0.141857 ms MarkObjects: 4.150334 ms  DeleteObjects: 0.033550 ms)

AssetImportParameters requested are different than current active one (requested -> active):
  custom:graphics/normal-map-encoding: 01000000000000000000000000000000 -> 02000000000000000000000000000000
========================================================================
Received Import Request.
  Time since last request: 242.010915 seconds.
  path: Assets/XR/XRGeneralSettings.asset
  artifactKey: Guid(aeb3e7743b8d66d42b30eb079e0e239d) Importer(815301076,1909f56bfc062723c751e8b465ee728b)
Start importing Assets/XR/XRGeneralSettings.asset using Guid(aeb3e7743b8d66d42b30eb079e0e239d) Importer(815301076,1909f56bfc062723c751e8b465ee728b)  -> (artifact id: 'e2852b164784a61fad9c07337b0af823') in 0.110263 seconds
  Import took 0.117181 seconds .

========================================================================
Received Import Request.
  Time since last request: 5.957054 seconds.
  path: Assets/GPSLocation.cs
  artifactKey: Guid(57aa91f8f0b16934192fc8ba7e3fa321) Importer(815301076,1909f56bfc062723c751e8b465ee728b)
Start importing Assets/GPSLocation.cs using Guid(57aa91f8f0b16934192fc8ba7e3fa321) Importer(815301076,1909f56bfc062723c751e8b465ee728b)  -> (artifact id: '36410b2a4645be9b85798c30b41a260c') in 0.005972 seconds
  Import took 0.009480 seconds .

========================================================================
Received Import Request.
  Time since last request: 0.004266 seconds.
  path: Assets/GPSLocation.cs
  artifactKey: Guid(57aa91f8f0b16934192fc8ba7e3fa321) Importer(815301076,1909f56bfc062723c751e8b465ee728b)
Start importing Assets/GPSLocation.cs using Guid(57aa91f8f0b16934192fc8ba7e3fa321) Importer(815301076,1909f56bfc062723c751e8b465ee728b)  -> (artifact id: '36410b2a4645be9b85798c30b41a260c') in 0.005720 seconds
  Import took 0.009133 seconds .

AssetImportWorkerClient::OnTransportError - code=2 error=End of file
